<?xml version="1.0" encoding="UTF-8"?>
<testsuite xmlns:xsi="http://www.w3.org/2001/XMLSchema-instance" xsi:noNamespaceSchemaLocation="https://maven.apache.org/surefire/maven-surefire-plugin/xsd/surefire-test-report-3.0.xsd" version="3.0" name="TestSuite" time="68.109" tests="4" errors="0" skipped="0" failures="0">
  <properties>
[...]
</properties>
  <testcase name="testBackButtonFunctionality" classname="tests.WalletTest" time="4.967">
    <system-out><![CDATA[23:26:48.701 [main] DEBUG org.testng.TestNG -- suiteXmlPath: "/Users/teeto/IdeaProjects/sample-mobile-framework/src/testng.xml"
23:26:58.614 [main] INFO utils.TestListener -- Test started: testBackButtonFunctionality
23:26:58.624 [main] INFO pages.WalletPage -- Clicking OK button
23:26:58.797 [main] INFO pages.WalletPage -- Clicking Create Wallet button
23:27:01.364 [main] INFO pages.WalletPage -- Asserting 'Create passcode' text is visible
23:27:01.368 [main] INFO utils.HelperUtil -- Asserting visible text: Create passcode
23:27:01.369 [main] INFO utils.HelperUtil -- Waiting for element to be visible: By.xpath: //*[contains(@text, 'Create passcode') or contains(@label, 'Create passcode') or contains(@content-desc, 'Create passcode')]
23:27:02.424 [main] INFO pages.WalletPage -- Clicking Back button
23:27:03.373 [main] INFO pages.WalletPage -- Asserting 'Create new wallet' button is visible
23:27:03.373 [main] INFO utils.HelperUtil -- Asserting visible element. Type: android.widget.TextView, Text: Create new wallet
23:27:03.374 [main] INFO utils.HelperUtil -- Waiting for element to be visible: By.xpath: //android.widget.TextView[@text='Create new wallet']
]]></system-out>
  </testcase>
  <testcase name="testCreateNewWallet" classname="tests.WalletTest" time="13.641">
    <system-out><![CDATA[23:27:03.579 [main] INFO utils.TestListener -- Test passed: testBackButtonFunctionality
23:27:10.290 [main] INFO utils.TestListener -- Test started: testCreateNewWallet
23:27:10.291 [main] INFO pages.WalletPage -- Clicking OK button
23:27:10.471 [main] INFO pages.WalletPage -- Clicking Create Wallet button
23:27:12.411 [main] INFO pages.WalletPage -- Asserting 'Create passcode' text is visible
23:27:12.412 [main] INFO utils.HelperUtil -- Asserting visible text: Create passcode
23:27:12.412 [main] INFO utils.HelperUtil -- Waiting for element to be visible: By.xpath: //*[contains(@text, 'Create passcode') or contains(@label, 'Create passcode') or contains(@content-desc, 'Create passcode')]
23:27:13.123 [main] INFO pages.WalletPage -- Entering passcode
23:27:13.124 [main] INFO utils.HelperUtil -- Entering passcode: 123456
23:27:13.124 [main] DEBUG utils.HelperUtil -- Clicking digit: 1 using locator: By.xpath: //android.widget.TextView[@text='1']
23:27:13.124 [main] INFO utils.HelperUtil -- Waiting for element to be clickable: By.xpath: //android.widget.TextView[@text='1']
23:27:13.959 [main] DEBUG utils.HelperUtil -- Clicking digit: 2 using locator: By.xpath: //android.widget.TextView[@text='2']
23:27:13.959 [main] INFO utils.HelperUtil -- Waiting for element to be clickable: By.xpath: //android.widget.TextView[@text='2']
23:27:14.777 [main] DEBUG utils.HelperUtil -- Clicking digit: 3 using locator: By.xpath: //android.widget.TextView[@text='3']
23:27:14.777 [main] INFO utils.HelperUtil -- Waiting for element to be clickable: By.xpath: //android.widget.TextView[@text='3']
23:27:16.071 [main] DEBUG utils.HelperUtil -- Clicking digit: 4 using locator: By.xpath: //android.widget.TextView[@text='4']
23:27:16.072 [main] INFO utils.HelperUtil -- Waiting for element to be clickable: By.xpath: //android.widget.TextView[@text='4']
23:27:17.127 [main] DEBUG utils.HelperUtil -- Clicking digit: 5 using locator: By.xpath: //android.widget.TextView[@text='5']
23:27:17.127 [main] INFO utils.HelperUtil -- Waiting for element to be clickable: By.xpath: //android.widget.TextView[@text='5']
23:27:17.871 [main] DEBUG utils.HelperUtil -- Clicking digit: 6 using locator: By.xpath: //android.widget.TextView[@text='6']
23:27:17.872 [main] INFO utils.HelperUtil -- Waiting for element to be clickable: By.xpath: //android.widget.TextView[@text='6']
23:27:18.017 [main] INFO pages.WalletPage -- Entering confirm passcode
23:27:18.017 [main] INFO utils.HelperUtil -- Entering passcode: 123456
23:27:18.017 [main] DEBUG utils.HelperUtil -- Clicking digit: 1 using locator: By.xpath: //android.widget.TextView[@text='1']
23:27:18.017 [main] INFO utils.HelperUtil -- Waiting for element to be clickable: By.xpath: //android.widget.TextView[@text='1']
23:27:18.457 [main] DEBUG utils.HelperUtil -- Clicking digit: 2 using locator: By.xpath: //android.widget.TextView[@text='2']
23:27:18.457 [main] INFO utils.HelperUtil -- Waiting for element to be clickable: By.xpath: //android.widget.TextView[@text='2']
23:27:19.021 [main] DEBUG utils.HelperUtil -- Clicking digit: 3 using locator: By.xpath: //android.widget.TextView[@text='3']
23:27:19.021 [main] INFO utils.HelperUtil -- Waiting for element to be clickable: By.xpath: //android.widget.TextView[@text='3']
23:27:19.316 [main] DEBUG utils.HelperUtil -- Clicking digit: 4 using locator: By.xpath: //android.widget.TextView[@text='4']
23:27:19.316 [main] INFO utils.HelperUtil -- Waiting for element to be clickable: By.xpath: //android.widget.TextView[@text='4']
23:27:19.653 [main] DEBUG utils.HelperUtil -- Clicking digit: 5 using locator: By.xpath: //android.widget.TextView[@text='5']
23:27:19.653 [main] INFO utils.HelperUtil -- Waiting for element to be clickable: By.xpath: //android.widget.TextView[@text='5']
23:27:20.180 [main] DEBUG utils.HelperUtil -- Clicking digit: 6 using locator: By.xpath: //android.widget.TextView[@text='6']
23:27:20.181 [main] INFO utils.HelperUtil -- Waiting for element to be clickable: By.xpath: //android.widget.TextView[@text='6']
23:27:20.506 [main] INFO pages.WalletPage -- Handling notifications prompt. Enable: true
23:27:20.507 [main] INFO utils.HelperUtil -- Asserting visible text: Enable Notifications
23:27:20.507 [main] INFO utils.HelperUtil -- Waiting for element to be visible: By.xpath: //*[contains(@text, 'Enable Notifications') or contains(@label, 'Enable Notifications') or contains(@content-desc, 'Enable Notifications')]
23:27:21.784 [main] INFO pages.WalletPage -- Clicking Enable Notifications button
23:27:21.850 [main] INFO utils.HelperUtil -- Clicking button with text: Allow
23:27:21.851 [main] INFO utils.HelperUtil -- Waiting for element to be clickable: By.xpath: //android.widget.Button[@text='Allow']
23:27:22.601 [main] INFO utils.HelperUtil -- Asserting visible text: Brilliant, your wallet is ready!
23:27:22.601 [main] INFO utils.HelperUtil -- Waiting for element to be visible: By.xpath: //*[contains(@text, 'Brilliant, your wallet is ready!') or contains(@label, 'Brilliant, your wallet is ready!') or contains(@content-desc, 'Brilliant, your wallet is ready!')]
]]></system-out>
  </testcase>
  <testcase name="testCreateNewWalletWithNotificationsSkipped" classname="tests.WalletTest" time="13.233">
    <system-out><![CDATA[23:27:23.931 [main] INFO utils.TestListener -- Test passed: testCreateNewWallet
23:27:29.654 [main] INFO utils.TestListener -- Test started: testCreateNewWalletWithNotificationsSkipped
23:27:29.656 [main] INFO pages.WalletPage -- Clicking OK button
23:27:29.864 [main] INFO pages.WalletPage -- Clicking Create Wallet button
23:27:31.961 [main] INFO pages.WalletPage -- Asserting 'Create passcode' text is visible
23:27:31.962 [main] INFO utils.HelperUtil -- Asserting visible text: Create passcode
23:27:31.962 [main] INFO utils.HelperUtil -- Waiting for element to be visible: By.xpath: //*[contains(@text, 'Create passcode') or contains(@label, 'Create passcode') or contains(@content-desc, 'Create passcode')]
23:27:32.712 [main] INFO pages.WalletPage -- Entering passcode
23:27:32.712 [main] INFO utils.HelperUtil -- Entering passcode: 123456
23:27:32.712 [main] DEBUG utils.HelperUtil -- Clicking digit: 1 using locator: By.xpath: //android.widget.TextView[@text='1']
23:27:32.712 [main] INFO utils.HelperUtil -- Waiting for element to be clickable: By.xpath: //android.widget.TextView[@text='1']
23:27:33.616 [main] DEBUG utils.HelperUtil -- Clicking digit: 2 using locator: By.xpath: //android.widget.TextView[@text='2']
23:27:33.617 [main] INFO utils.HelperUtil -- Waiting for element to be clickable: By.xpath: //android.widget.TextView[@text='2']
23:27:34.975 [main] DEBUG utils.HelperUtil -- Clicking digit: 3 using locator: By.xpath: //android.widget.TextView[@text='3']
23:27:34.975 [main] INFO utils.HelperUtil -- Waiting for element to be clickable: By.xpath: //android.widget.TextView[@text='3']
23:27:35.962 [main] DEBUG utils.HelperUtil -- Clicking digit: 4 using locator: By.xpath: //android.widget.TextView[@text='4']
23:27:35.963 [main] INFO utils.HelperUtil -- Waiting for element to be clickable: By.xpath: //android.widget.TextView[@text='4']
23:27:36.923 [main] DEBUG utils.HelperUtil -- Clicking digit: 5 using locator: By.xpath: //android.widget.TextView[@text='5']
23:27:36.923 [main] INFO utils.HelperUtil -- Waiting for element to be clickable: By.xpath: //android.widget.TextView[@text='5']
23:27:37.665 [main] DEBUG utils.HelperUtil -- Clicking digit: 6 using locator: By.xpath: //android.widget.TextView[@text='6']
23:27:37.665 [main] INFO utils.HelperUtil -- Waiting for element to be clickable: By.xpath: //android.widget.TextView[@text='6']
23:27:37.850 [main] INFO pages.WalletPage -- Entering confirm passcode
23:27:37.850 [main] INFO utils.HelperUtil -- Entering passcode: 123456
23:27:37.850 [main] DEBUG utils.HelperUtil -- Clicking digit: 1 using locator: By.xpath: //android.widget.TextView[@text='1']
23:27:37.850 [main] INFO utils.HelperUtil -- Waiting for element to be clickable: By.xpath: //android.widget.TextView[@text='1']
23:27:38.287 [main] DEBUG utils.HelperUtil -- Clicking digit: 2 using locator: By.xpath: //android.widget.TextView[@text='2']
23:27:38.287 [main] INFO utils.HelperUtil -- Waiting for element to be clickable: By.xpath: //android.widget.TextView[@text='2']
23:27:38.875 [main] DEBUG utils.HelperUtil -- Clicking digit: 3 using locator: By.xpath: //android.widget.TextView[@text='3']
23:27:38.875 [main] INFO utils.HelperUtil -- Waiting for element to be clickable: By.xpath: //android.widget.TextView[@text='3']
23:27:39.433 [main] DEBUG utils.HelperUtil -- Clicking digit: 4 using locator: By.xpath: //android.widget.TextView[@text='4']
23:27:39.433 [main] INFO utils.HelperUtil -- Waiting for element to be clickable: By.xpath: //android.widget.TextView[@text='4']
23:27:39.885 [main] DEBUG utils.HelperUtil -- Clicking digit: 5 using locator: By.xpath: //android.widget.TextView[@text='5']
23:27:39.886 [main] INFO utils.HelperUtil -- Waiting for element to be clickable: By.xpath: //android.widget.TextView[@text='5']
23:27:40.116 [main] DEBUG utils.HelperUtil -- Clicking digit: 6 using locator: By.xpath: //android.widget.TextView[@text='6']
23:27:40.116 [main] INFO utils.HelperUtil -- Waiting for element to be clickable: By.xpath: //android.widget.TextView[@text='6']
23:27:40.335 [main] INFO pages.WalletPage -- Handling notifications prompt. Enable: false
23:27:40.336 [main] INFO utils.HelperUtil -- Asserting visible text: Enable Notifications
23:27:40.336 [main] INFO utils.HelperUtil -- Waiting for element to be visible: By.xpath: //*[contains(@text, 'Enable Notifications') or contains(@label, 'Enable Notifications') or contains(@content-desc, 'Enable Notifications')]
23:27:41.642 [main] INFO pages.WalletPage -- Clicking Skip button
23:27:41.731 [main] INFO utils.HelperUtil -- Asserting visible text: Brilliant, your wallet is ready!
23:27:41.731 [main] INFO utils.HelperUtil -- Waiting for element to be visible: By.xpath: //*[contains(@text, 'Brilliant, your wallet is ready!') or contains(@label, 'Brilliant, your wallet is ready!') or contains(@content-desc, 'Brilliant, your wallet is ready!')]
]]></system-out>
  </testcase>
  <testcase name="testDeleteButtonFunctionality" classname="tests.WalletTest" time="7.735">
    <system-out><![CDATA[23:27:42.886 [main] INFO utils.TestListener -- Test passed: testCreateNewWalletWithNotificationsSkipped
23:27:48.236 [main] INFO utils.TestListener -- Test started: testDeleteButtonFunctionality
23:27:48.239 [main] INFO pages.WalletPage -- Clicking OK button
23:27:48.401 [main] INFO pages.WalletPage -- Clicking Create Wallet button
23:27:50.295 [main] INFO pages.WalletPage -- Asserting 'Create passcode' text is visible
23:27:50.295 [main] INFO utils.HelperUtil -- Asserting visible text: Create passcode
23:27:50.295 [main] INFO utils.HelperUtil -- Waiting for element to be visible: By.xpath: //*[contains(@text, 'Create passcode') or contains(@label, 'Create passcode') or contains(@content-desc, 'Create passcode')]
23:27:51.041 [main] INFO pages.WalletPage -- Entering passcode
23:27:51.042 [main] INFO utils.HelperUtil -- Entering passcode: 1234
23:27:51.042 [main] DEBUG utils.HelperUtil -- Clicking digit: 1 using locator: By.xpath: //android.widget.TextView[@text='1']
23:27:51.042 [main] INFO utils.HelperUtil -- Waiting for element to be clickable: By.xpath: //android.widget.TextView[@text='1']
23:27:52.270 [main] DEBUG utils.HelperUtil -- Clicking digit: 2 using locator: By.xpath: //android.widget.TextView[@text='2']
23:27:52.270 [main] INFO utils.HelperUtil -- Waiting for element to be clickable: By.xpath: //android.widget.TextView[@text='2']
23:27:53.136 [main] DEBUG utils.HelperUtil -- Clicking digit: 3 using locator: By.xpath: //android.widget.TextView[@text='3']
23:27:53.137 [main] INFO utils.HelperUtil -- Waiting for element to be clickable: By.xpath: //android.widget.TextView[@text='3']
23:27:54.127 [main] DEBUG utils.HelperUtil -- Clicking digit: 4 using locator: By.xpath: //android.widget.TextView[@text='4']
23:27:54.128 [main] INFO utils.HelperUtil -- Waiting for element to be clickable: By.xpath: //android.widget.TextView[@text='4']
23:27:55.192 [main] INFO pages.WalletPage -- Clicking Delete button
23:27:55.892 [main] INFO utils.HelperUtil -- Asserting visible text: Create passcode
23:27:55.892 [main] INFO utils.HelperUtil -- Waiting for element to be visible: By.xpath: //*[contains(@text, 'Create passcode') or contains(@label, 'Create passcode') or contains(@content-desc, 'Create passcode')]
]]></system-out>
  </testcase>
</testsuite>