<?xml version="1.0" encoding="UTF-8"?>
<testng-results ignored="0" total="1" passed="1" failed="0" skipped="0">
  <reporter-output>
  </reporter-output>
  <suite started-at="2025-05-24T21:50:58 WEST" name="Surefire suite" finished-at="2025-05-24T21:51:19 WEST" duration-ms="21472">
    <groups>
    </groups>
    <test started-at="2025-05-24T21:50:58 WEST" name="Surefire test" finished-at="2025-05-24T21:51:19 WEST" duration-ms="21472">
      <class name="tests.WalletTest">
        <test-method is-config="true" signature="setUp()[pri:0, instance:tests.WalletTest@78a2da20]" started-at="2025-05-24T21:50:58 WEST" name="setUp" finished-at="2025-05-24T21:51:04 WEST" duration-ms="6432" status="PASS">
          <reporter-output>
          </reporter-output>
        </test-method> <!-- setUp -->
        <test-method is-config="true" signature="setUpTest()[pri:0, instance:tests.WalletTest@78a2da20]" started-at="2025-05-24T21:51:04 WEST" name="setUpTest" finished-at="2025-05-24T21:51:06 WEST" duration-ms="1793" status="PASS">
          <reporter-output>
          </reporter-output>
        </test-method> <!-- setUpTest -->
        <test-method signature="testCreateNewWallet()[pri:0, instance:tests.WalletTest@78a2da20]" started-at="2025-05-24T21:51:06 WEST" name="testCreateNewWallet" description="Create new wallet" finished-at="2025-05-24T21:51:19 WEST" duration-ms="12716" status="PASS">
          <reporter-output>
          </reporter-output>
        </test-method> <!-- testCreateNewWallet -->
        <test-method is-config="true" signature="tearDown(org.testng.ITestResult)[pri:0, instance:tests.WalletTest@78a2da20]" started-at="2025-05-24T21:51:19 WEST" name="tearDown" finished-at="2025-05-24T21:51:19 WEST" duration-ms="463" status="PASS">
          <params>
            <param index="0">
              <value>
                <![CDATA[[TestResult name=testCreateNewWallet status=SUCCESS method=WalletTest.testCreateNewWallet()[pri:0, instance:tests.WalletTest@78a2da20] output={null}]]]>
              </value>
            </param>
          </params>
          <reporter-output>
          </reporter-output>
        </test-method> <!-- tearDown -->
      </class> <!-- tests.WalletTest -->
    </test> <!-- Surefire test -->
  </suite> <!-- Surefire suite -->
</testng-results>
