<?xml version="1.0" encoding="UTF-8"?>
<testng-results ignored="0" total="4" passed="4" failed="0" skipped="0">
  <reporter-output>
  </reporter-output>
  <suite started-at="2025-05-24T23:26:49 WEST" name="SampleMobileAutomation" finished-at="2025-05-24T23:27:56 WEST" duration-ms="66985">
    <groups>
    </groups>
    <test started-at="2025-05-24T23:26:49 WEST" name="Test" finished-at="2025-05-24T23:27:56 WEST" duration-ms="66985">
      <class name="tests.WalletTest">
        <test-method is-config="true" signature="setUp()[pri:0, instance:tests.WalletTest@6dc17b83]" started-at="2025-05-24T23:26:49 WEST" name="setUp" finished-at="2025-05-24T23:26:56 WEST" duration-ms="7675" status="PASS">
          <reporter-output>
          </reporter-output>
        </test-method> <!-- setUp -->
        <test-method is-config="true" signature="setUpTest()[pri:0, instance:tests.WalletTest@6dc17b83]" started-at="2025-05-24T23:26:56 WEST" name="setUpTest" finished-at="2025-05-24T23:26:58 WEST" duration-ms="1660" status="PASS">
          <reporter-output>
          </reporter-output>
        </test-method> <!-- setUpTest -->
        <test-method signature="testBackButtonFunctionality()[pri:0, instance:tests.WalletTest@6dc17b83]" started-at="2025-05-24T23:26:58 WEST" name="testBackButtonFunctionality" description="Verify Back button functionality" finished-at="2025-05-24T23:27:03 WEST" duration-ms="4972" status="PASS">
          <reporter-output>
          </reporter-output>
        </test-method> <!-- testBackButtonFunctionality -->
        <test-method is-config="true" signature="tearDown(org.testng.ITestResult)[pri:0, instance:tests.WalletTest@6dc17b83]" started-at="2025-05-24T23:27:03 WEST" name="tearDown" finished-at="2025-05-24T23:27:04 WEST" duration-ms="1186" status="PASS">
          <params>
            <param index="0">
              <value>
                <![CDATA[[TestResult name=testBackButtonFunctionality status=SUCCESS method=WalletTest.testBackButtonFunctionality()[pri:0, instance:tests.WalletTest@6dc17b83] output={null}]]]>
              </value>
            </param>
          </params>
          <reporter-output>
          </reporter-output>
        </test-method> <!-- tearDown -->
        <test-method is-config="true" signature="setUp()[pri:0, instance:tests.WalletTest@6dc17b83]" started-at="2025-05-24T23:27:04 WEST" name="setUp" finished-at="2025-05-24T23:27:09 WEST" duration-ms="4966" status="PASS">
          <reporter-output>
          </reporter-output>
        </test-method> <!-- setUp -->
        <test-method is-config="true" signature="setUpTest()[pri:0, instance:tests.WalletTest@6dc17b83]" started-at="2025-05-24T23:27:09 WEST" name="setUpTest" finished-at="2025-05-24T23:27:10 WEST" duration-ms="548" status="PASS">
          <reporter-output>
          </reporter-output>
        </test-method> <!-- setUpTest -->
        <test-method signature="testCreateNewWallet()[pri:0, instance:tests.WalletTest@6dc17b83]" started-at="2025-05-24T23:27:10 WEST" name="testCreateNewWallet" description="Create new wallet with notifications enabled" finished-at="2025-05-24T23:27:23 WEST" duration-ms="13640" status="PASS">
          <reporter-output>
          </reporter-output>
        </test-method> <!-- testCreateNewWallet -->
        <test-method is-config="true" signature="tearDown(org.testng.ITestResult)[pri:0, instance:tests.WalletTest@6dc17b83]" started-at="2025-05-24T23:27:23 WEST" name="tearDown" finished-at="2025-05-24T23:27:24 WEST" duration-ms="235" status="PASS">
          <params>
            <param index="0">
              <value>
                <![CDATA[[TestResult name=testCreateNewWallet status=SUCCESS method=WalletTest.testCreateNewWallet()[pri:0, instance:tests.WalletTest@6dc17b83] output={null}]]]>
              </value>
            </param>
          </params>
          <reporter-output>
          </reporter-output>
        </test-method> <!-- tearDown -->
        <test-method is-config="true" signature="setUp()[pri:0, instance:tests.WalletTest@6dc17b83]" started-at="2025-05-24T23:27:24 WEST" name="setUp" finished-at="2025-05-24T23:27:29 WEST" duration-ms="4984" status="PASS">
          <reporter-output>
          </reporter-output>
        </test-method> <!-- setUp -->
        <test-method is-config="true" signature="setUpTest()[pri:0, instance:tests.WalletTest@6dc17b83]" started-at="2025-05-24T23:27:29 WEST" name="setUpTest" finished-at="2025-05-24T23:27:29 WEST" duration-ms="475" status="PASS">
          <reporter-output>
          </reporter-output>
        </test-method> <!-- setUpTest -->
        <test-method signature="testCreateNewWalletWithNotificationsSkipped()[pri:0, instance:tests.WalletTest@6dc17b83]" started-at="2025-05-24T23:27:29 WEST" name="testCreateNewWalletWithNotificationsSkipped" description="Create new wallet with notifications skipped" finished-at="2025-05-24T23:27:42 WEST" duration-ms="13228" status="PASS">
          <reporter-output>
          </reporter-output>
        </test-method> <!-- testCreateNewWalletWithNotificationsSkipped -->
        <test-method is-config="true" signature="tearDown(org.testng.ITestResult)[pri:0, instance:tests.WalletTest@6dc17b83]" started-at="2025-05-24T23:27:42 WEST" name="tearDown" finished-at="2025-05-24T23:27:43 WEST" duration-ms="210" status="PASS">
          <params>
            <param index="0">
              <value>
                <![CDATA[[TestResult name=testCreateNewWalletWithNotificationsSkipped status=SUCCESS method=WalletTest.testCreateNewWalletWithNotificationsSkipped()[pri:0, instance:tests.WalletTest@6dc17b83] output={null}]]]>
              </value>
            </param>
          </params>
          <reporter-output>
          </reporter-output>
        </test-method> <!-- tearDown -->
        <test-method is-config="true" signature="setUp()[pri:0, instance:tests.WalletTest@6dc17b83]" started-at="2025-05-24T23:27:43 WEST" name="setUp" finished-at="2025-05-24T23:27:47 WEST" duration-ms="4777" status="PASS">
          <reporter-output>
          </reporter-output>
        </test-method> <!-- setUp -->
        <test-method is-config="true" signature="setUpTest()[pri:0, instance:tests.WalletTest@6dc17b83]" started-at="2025-05-24T23:27:47 WEST" name="setUpTest" finished-at="2025-05-24T23:27:48 WEST" duration-ms="343" status="PASS">
          <reporter-output>
          </reporter-output>
        </test-method> <!-- setUpTest -->
        <test-method signature="testDeleteButtonFunctionality()[pri:0, instance:tests.WalletTest@6dc17b83]" started-at="2025-05-24T23:27:48 WEST" name="testDeleteButtonFunctionality" description="Verify Delete button functionality" finished-at="2025-05-24T23:27:55 WEST" duration-ms="7732" status="PASS">
          <reporter-output>
          </reporter-output>
        </test-method> <!-- testDeleteButtonFunctionality -->
        <test-method is-config="true" signature="tearDown(org.testng.ITestResult)[pri:0, instance:tests.WalletTest@6dc17b83]" started-at="2025-05-24T23:27:55 WEST" name="tearDown" finished-at="2025-05-24T23:27:56 WEST" duration-ms="219" status="PASS">
          <params>
            <param index="0">
              <value>
                <![CDATA[[TestResult name=testDeleteButtonFunctionality status=SUCCESS method=WalletTest.testDeleteButtonFunctionality()[pri:0, instance:tests.WalletTest@6dc17b83] output={null}]]]>
              </value>
            </param>
          </params>
          <reporter-output>
          </reporter-output>
        </test-method> <!-- tearDown -->
      </class> <!-- tests.WalletTest -->
    </test> <!-- Test -->
  </suite> <!-- SampleMobileAutomation -->
</testng-results>
