<?xml version="1.0" encoding="UTF-8"?>
<!-- Generated by org.testng.reporters.JUnitXMLReporter -->
<testsuite ignored="0" hostname="MacBookPro" failures="0" tests="4" name="Test" time="66.985" errors="0" timestamp="2025-05-24T23:27:56 WEST">
  <testcase classname="tests.WalletTest" name="testBackButtonFunctionality" time="4.972"/>
  <testcase classname="tests.WalletTest" name="testCreateNewWallet" time="13.64"/>
  <testcase classname="tests.WalletTest" name="testCreateNewWalletWithNotificationsSkipped" time="13.228"/>
  <testcase classname="tests.WalletTest" name="testDeleteButtonFunctionality" time="7.732"/>
</testsuite> <!-- Test -->
